<?xml version="1.0" encoding="UTF-8"?>
<testng-results ignored="0" total="1" passed="1" failed="0" skipped="0">
  <reporter-output>
  </reporter-output>
  <suite started-at="2022-01-12T16:02:41Z" name="Default suite" finished-at="2022-01-12T16:02:42Z" duration-ms="99">
    <groups>
    </groups>
    <test started-at="2022-01-12T16:02:41Z" name="Default test" finished-at="2022-01-12T16:02:42Z" duration-ms="99">
      <class name="Testng.Shop">
        <test-method signature="method()[pri:0, instance:Testng.Shop@5717c37]" started-at="2022-01-12T21:32:41Z" name="method" finished-at="2022-01-12T21:32:41Z" duration-ms="39" status="PASS">
          <reporter-output>
          </reporter-output>
        </test-method> <!-- method -->
      </class> <!-- Testng.Shop -->
    </test> <!-- Default test -->
  </suite> <!-- Default suite -->
</testng-results>
